Arguments: 
  C:\Program Files\nodejs\node.exe C:\Program Files (x86)\Yarn\bin\yarn.js add babel-core babel-loader babel-pollyfill body-parser -D

PATH: 
  C:\Program Files\ImageMagick-7.0.1-Q16;C:\Program Files (x86)\Intel\iCLS Client\;C:\Program Files\Intel\iCLS Client\;C:\WINDOWS\system32;C:\WINDOWS;C:\WINDOWS\System32\Wbem;C:\WINDOWS\System32\WindowsPowerShell\v1.0\;C:\Program Files (x86)\Intel\Intel(R) Management Engine Components\DAL;C:\Program Files\Intel\Intel(R) Management Engine Components\DAL;C:\Program Files (x86)\Intel\Intel(R) Management Engine Components\IPT;C:\Program Files\Intel\Intel(R) Management Engine Components\IPT;C:\Program Files\Intel\WiFi\bin\;C:\Program Files\Common Files\Intel\WirelessCommon\;C:\Ruby23-x64\bin;C:\Program Files\nodejs\;C:\Program Files\Git\cmd;C:\Program Files\Git\mingw64\bin;C:\Program Files\Git\usr\bin;C:\Program Files (x86)\Yarn\bin\;C:\Program Files\PuTTY\;C:\Users\ShanGuo\AppData\Local\Microsoft\WindowsApps;C:\Users\ShanGuo\AppData\Local\Microsoft\WindowsApps;C:\Users\ShanGuo\AppData\Roaming\npm;C:\Program Files\Microsoft VS Code\bin;C:\Users\ShanGuo\AppData\Local\Yarn\bin;C:\Program Files\MongoDB\Server\3.6\bin;

Yarn version: 
  1.5.1

Node version: 
  8.9.3

Platform: 
  win32 x64

npm manifest: 
  {
    "name": "myblog",
    "version": "1.0.0",
    "description": "my own blog",
    "main": "index.js",
    "scripts": {
      "test": "mocha",
      "start": "node app.js",
      "dev": "cross-env NODE_ENV=development webpack-dev-server --config ./client/webpack.config.js",
      "build": "cross-env NODE_ENV=production webpack --config ./client/webpack.config.js"
    },
    "keywords": [],
    "author": "",
    "license": "ISC",
    "dependencies": {
      "@types/react": "^16.0.34",
      "@types/react-dom": "^16.0.3",
      "babel-polyfill": "^6.26.0",
      "bootstrap": "^3.3.7",
      "connect-flash": "^0.1.1",
      "connect-mongo": "^1.3.2",
      "css-loader": "^0.28.7",
      "debug": "^2.6.8",
      "ejs": "^2.5.6",
      "express": "^4.15.3",
      "express-session": "^1.15.3",
      "jsx-loader": "^0.13.2",
      "mongoose": "^4.10.5",
      "multer": "^1.3.0",
      "nodemon": "^1.13.3",
      "react": "^16.2.0",
      "react-dom": "^16.2.0",
      "react-redux": "^5.0.6",
      "react-router": "^4.2.0",
      "react-router-dom": "^4.2.2",
      "react-router-redux": "^4.0.8",
      "redux": "^3.7.2",
      "style-loader": "^0.19.1"
    },
    "devDependencies": {
      "autoprefixer": "^7.2.3",
      "awesome-typescript-loader": "^3.4.1",
      "babel-preset-env": "^1.6.1",
      "babel-preset-es2015": "^6.24.1",
      "babel-preset-react": "^6.24.1",
      "babel-preset-stage-0": "^6.24.1",
      "babel-register": "^6.26.0",
      "copy-webpack-plugin": "^4.5.1",
      "cross-env": "^5.1.3",
      "eslint": "^4.14.0",
      "file-loader": "^1.1.11",
      "glob": "^7.1.2",
      "html-webpack-plugin": "^2.30.1",
      "istanbul": "^0.4.5",
      "mocha": "^4.0.1",
      "node-sass": "^4.7.2",
      "open-browser-webpack-plugin": "0.0.5",
      "path": "^0.12.7",
      "postcss-loader": "^2.0.9",
      "purify-css": "^1.2.5",
      "purifycss-webpack": "^0.7.0",
      "redux-devtools": "^3.4.1",
      "sass-loader": "^6.0.6",
      "should": "^13.2.0",
      "source-map-loader": "^0.2.3",
      "supertest": "^3.0.0",
      "ts-loader": "^3.2.0",
      "typescript": "^2.6.2",
      "url-loader": "^0.6.2",
      "webpack": "^4.6.0",
      "webpack-cli": "^2.0.14",
      "webpack-dev-server": "^3.1.3",
      "webpack-merge": "^4.1.1"
    }
  }

yarn manifest: 
  No manifest

Lockfile: 
  No lockfile

Trace: 
  Error: Couldn't find package "babel-pollyfill" on the "npm" registry.
      at new MessageError (C:\Program Files (x86)\Yarn\lib\cli.js:186:110)
      at NpmResolver.<anonymous> (C:\Program Files (x86)\Yarn\lib\cli.js:51625:15)
      at Generator.next (<anonymous>)
      at step (C:\Program Files (x86)\Yarn\lib\cli.js:98:30)
      at C:\Program Files (x86)\Yarn\lib\cli.js:109:13
      at <anonymous>
      at process._tickCallback (internal/process/next_tick.js:188:7)
